build/app/outputs/mapping/release/seeds.txt
com.example.appcomercios.MainActivity
com.example.appcomercios.MainActivity: MainActivity()
...
io.flutter.embedding.engine.renderer.FlutterRenderer$ImageReaderSurfaceProducer: boolean VERBOSE_LOGS
io.flutter.plugin.platform.SingleViewPresentation: int viewId
io.flutter.embedding.engine.renderer.SurfaceTextureWrapper: boolean released
io.flutter.plugin.platform.SingleViewPresentation: android.view.View$OnFocusChangeListener focusChangeListener
kotlinx.coroutines.scheduling.CoroutineScheduler$Worker: java.lang.Object nextParkedWorker
io.flutter.embedding.engine.FlutterJNI: void nativeRegisterTexture(long,long,java.lang.ref.WeakReference)
io.flutter.embedding.engine.systemchannels.PlatformChannel$SoundType: io.flutter.embedding.engine.systemchannels.PlatformChannel$SoundType[] values()
androidx.core.view.ViewCompat$Api21Impl: void setZ(android.view.View,float)
io.flutter.embedding.android.FlutterImageView$SurfaceKind: io.flutter.embedding.android.FlutterImageView$SurfaceKind valueOf(java.lang.String)
io.flutter.embedding.engine.mutatorsstack.FlutterMutatorsStack: FlutterMutatorsStack()
com.google.android.gms.common.ErrorDialogFragment: ErrorDialogFragment()
androidx.lifecycle.ProcessLifecycleOwner$attach$1$onActivityPreCreated$1: void onActivityPostStarted(android.app.Activity)
androidx.core.view.DisplayCutoutCompat$Api28Impl: java.util.List getBoundingRects(android.view.DisplayCutout)
io.flutter.embedding.engine.renderer.FlutterRenderer$ImageReaderSurfaceProducer: int numTrims()
io.flutter.view.TextureRegistry$SurfaceProducer: boolean handlesCropAndRotation()
androidx.core.view.WindowInsetsCompat$Impl20: void loadReflectionField()
io.flutter.view.AccessibilityViewEmbedder: android.view.accessibility.AccessibilityNodeInfo getRootNode(android.view.View,int,android.graphics.Rect)
io.flutter.embedding.engine.FlutterJNI: void ensureAttachedToNative()
io.flutter.embedding.engine.FlutterJNI: void updateSemantics(java.nio.ByteBuffer,java.lang.String[],java.nio.ByteBuffer[])
androidx.core.app.NotificationCompatBuilder$Api23Impl: android.app.Notification$Builder setSmallIcon(android.app.Notification$Builder,java.lang.Object)
io.flutter.embedding.android.FlutterView: android.view.accessibility.AccessibilityNodeProvider getAccessibilityNodeProvider()
androidx.lifecycle.ReportFragment$LifecycleCallbacks: void onActivityPreStopped(android.app.Activity)
androidx.profileinstaller.ProfileInstallerInitializer$Choreographer16Impl: void postFrameCallback(java.lang.Runnable)
io.flutter.embedding.android.RenderMode: io.flutter.embedding.android.RenderMode valueOf(java.lang.String)
androidx.core.view.WindowInsetsCompat$BuilderImpl: void setTappableElementInsets(androidx.core.graphics.Insets)
androidx.window.area.reflectionguard.WindowAreaComponentApi3Requirements: void startRearDisplayPresentationSession(android.app.Activity,androidx.window.extensions.core.util.function.Consumer)
androidx.core.view.WindowInsetsCompat$Impl: boolean isConsumed()
io.flutter.embedding.android.FlutterView: io.flutter.embedding.engine.renderer.FlutterRenderer$ViewportMetrics getViewportMetrics()
io.flutter.embedding.engine.renderer.FlutterRenderer$ImageReaderSurfaceProducer: android.media.ImageReader createImageReader33()
androidx.core.view.WindowInsetsCompat$Impl30: WindowInsetsCompat$Impl30(androidx.core.view.WindowInsetsCompat,androidx.core.view.WindowInsetsCompat$Impl30)
android.support.v4.app.RemoteActionCompatParcelizer: void write(androidx.core.app.RemoteActionCompat,androidx.versionedparcelable.VersionedParcel)
io.flutter.view.TextureRegistry$SurfaceTextureEntry: void setOnFrameConsumedListener(io.flutter.view.TextureRegistry$OnFrameConsumedListener)
androidx.core.view.ViewCompat$Api21Impl: boolean isImportantForAccessibility(android.view.View)
androidx.core.view.WindowInsetsCompat$BuilderImpl: void applyInsetTypes()
androidx.core.view.WindowInsetsCompat$BuilderImpl: void setSystemWindowInsets(androidx.core.graphics.Insets)
io.flutter.embedding.android.FlutterView$ZeroSides: io.flutter.embedding.android.FlutterView$ZeroSides valueOf(java.lang.String)