build/app/outputs/mapping/release/mapping.txt
# compiler: R8
# compiler_version: 8.2.42
# min_api: 21
# common_typos_disable
# {"id":"com.android.tools.r8.mapping","version":"2.2"}
# pg_map_id: 3381b6e
# pg_map_hash: SHA-256 3381b6e7ec833a6cc56d47ba6955f705ecf91baca2292dee7b43b623163a2789
com.example.appcomercios.MainActivity -> com.example.appcomercios.MainActivity:
# {"id":"sourceFile","fileName":"MainActivity.kt"}
...
kotlin.coroutines.jvm.internal.SuspendLambda -> h2.g:
# {"id":"sourceFile","fileName":"ContinuationImpl.kt"}
    int arity -> f
    1:1:void <init>(int,kotlin.coroutines.Continuation):0:0 -> <init>
      # {"id":"com.android.tools.r8.residualsignature","signature":"(Lf2/e;)V"}
    1:1:int getArity():0:0 -> f
    5:9:java.lang.String kotlin.jvm.internal.Reflection.renderLambdaToString(kotlin.jvm.internal.FunctionBase):0:0 -> toString
    5:9:java.lang.String toString():0 -> toString
    10:40:java.lang.String kotlin.jvm.internal.ReflectionFactory.renderLambdaToString(kotlin.jvm.internal.FunctionBase):0:0 -> toString
    10:40:java.lang.String kotlin.jvm.internal.Reflection.renderLambdaToString(kotlin.jvm.internal.FunctionBase):0 -> toString
    10:40:java.lang.String toString():0 -> toString
    41:49:java.lang.String toString():0:0 -> toString
kotlin.enums.EnumEntriesList -> i2.a:
# {"id":"sourceFile","fileName":"EnumEntries.kt"}
    1:1:int getSize():0:0 -> a
    11:20:boolean kotlin.enums.EnumEntriesList.contains(java.lang.Enum):0:0 -> contains
    11:20:boolean contains(java.lang.Object):0 -> contains
    21:26:java.lang.Object kotlin.collections.ArraysKt___ArraysKt.getOrNull(java.lang.Object[],int):0:0 -> contains
    21:26:boolean kotlin.enums.EnumEntriesList.contains(java.lang.Enum):0 -> contains
    21:26:boolean contains(java.lang.Object):0 -> contains
    27:27:int kotlin.collections.ArraysKt___ArraysKt.getLastIndex(java.lang.Object[]):0:0 -> contains
    27:27:java.lang.Object kotlin.collections.ArraysKt___ArraysKt.getOrNull(java.lang.Object[],int):0 -> contains
    27:27:boolean kotlin.enums.EnumEntriesList.contains(java.lang.Enum):0 -> contains
    27:27:boolean contains(java.lang.Object):0 -> contains
    2:2:java.lang.Enum kotlin.enums.EnumEntriesList.get(int):0:0 -> get
    2:2:java.lang.Object get(int):0 -> get
    11:20:int kotlin.enums.EnumEntriesList.indexOf(java.lang.Enum):0:0 -> indexOf
    11:20:int indexOf(java.lang.Object):0 -> indexOf
    21:26:java.lang.Object kotlin.collections.ArraysKt___ArraysKt.getOrNull(java.lang.Object[],int):0:0 -> indexOf
    21:26:int kotlin.enums.EnumEntriesList.indexOf(java.lang.Enum):0 -> indexOf
    21:26:int indexOf(java.lang.Object):0 -> indexOf
    27:27:int kotlin.collections.ArraysKt___ArraysKt.getLastIndex(java.lang.Object[]):0:0 -> indexOf
kotlin.internal.PlatformImplementations -> R8$$REMOVED$$CLASS$$353:
# {"id":"sourceFile","fileName":"PlatformImplementations.kt"}
kotlin.internal.PlatformImplementations$ReflectThrowable -> j2.a:
# {"id":"sourceFile","fileName":"PlatformImplementations.kt"}
    java.lang.reflect.Method addSuppressed -> a
    39:44:java.lang.Object kotlin.collections.ArraysKt___ArraysKt.singleOrNull(java.lang.Object[]):0:0 -> <clinit>
    39:44:void <clinit>():0 -> <clinit>
    45:79:void <clinit>():0:0 -> <clinit>
kotlin.internal.ProgressionUtilKt -> R8$$REMOVED$$CLASS$$354:
# {"id":"sourceFile","fileName":"progressionUtil.kt"}
kotlin.internal.jdk7.JDK7PlatformImplementations -> R8$$REMOVED$$CLASS$$355:
# {"id":"sourceFile","fileName":"JDK7PlatformImplementations.kt"}
kotlin.internal.jdk7.JDK7PlatformImplementations$ReflectSdkVersion -> k2.a:
# {"id":"sourceFile","fileName":"JDK7PlatformImplementations.kt"}
    java.lang.Integer sdkVersion -> a
    1:1:void <clinit>():0:0 -> <clinit>
kotlin.internal.jdk8.JDK8PlatformImplementations -> R8$$REMOVED$$CLASS$$356:
# {"id":"sourceFile","fileName":"JDK8PlatformImplementations.kt"}
kotlin.internal.jdk8.JDK8PlatformImplementations$ReflectSdkVersion -> l2.a:
# {"id":"sourceFile","fileName":"JDK8PlatformImplementations.kt"}
    java.lang.Integer sdkVersion -> a
    1:1:void <clinit>():0:0 -> <clinit>
kotlin.jvm.JvmClassMappingKt -> R8$$REMOVED$$CLASS$$357:
# {"id":"sourceFile","fileName":"JvmClassMapping.kt"}
kotlin.jvm.functions.Function0 -> m2.a:
# {"id":"sourceFile","fileName":"Functions.kt"}
    java.lang.Object invoke() -> a