build/app/outputs/mapping/release/usage.txt
com.example.appcomercios.R$drawable
com.example.appcomercios.R$mipmap
com.example.appcomercios.R$style
com.example.appcomercios.R
...
io.flutter.plugins.googlemaps.Messages$PlatformBitmapAssetImage:
    public static java.lang.String getName()
    public static void setName()
    public static void setScale()
    public static void setSize()
    public static java.util.ArrayList toList()
io.flutter.plugins.googlemaps.Messages$PlatformBitmapAssetMap:
    public static java.lang.String getAssetName()
    public static io.flutter.plugins.googlemaps.Messages$PlatformMapBitmapScaling getBitmapScaling()
    public static java.lang.Double getHeight()
    public static java.lang.Double getImagePixelRatio()
    public static java.lang.Double getWidth()
    public static void setAssetName()
    public static void setBitmapScaling()
    public static void setHeight()
    public static void setImagePixelRatio()
    public static void setWidth()
    public static java.util.ArrayList toList()
io.flutter.plugins.googlemaps.Messages$PlatformBitmapBytes:
    public static byte[] getByteData()
    public static void setByteData()
    public static void setSize()
    public static java.util.ArrayList toList()
io.flutter.plugins.googlemaps.Messages$PlatformBitmapBytesMap:
    public static io.flutter.plugins.googlemaps.Messages$PlatformMapBitmapScaling getBitmapScaling()
    public static byte[] getByteData()
    public static java.lang.Double getHeight()
    public static java.lang.Double getImagePixelRatio()
    public static java.lang.Double getWidth()
    public static void setBitmapScaling()
    public static void setByteData()
    public static void setHeight()
    public static void setImagePixelRatio()
    public static void setWidth()
    public static java.util.ArrayList toList()
io.flutter.plugins.googlemaps.Messages$PlatformBitmapDefaultMarker:
    public static java.lang.Double getHue()
    public static void setHue()
    public static java.util.ArrayList toList()
io.flutter.plugins.googlemaps.Messages$PlatformCameraPosition$Builder
io.flutter.plugins.googlemaps.Messages$PlatformCameraPosition:
    public static java.lang.Double getBearing()
    public static io.flutter.plugins.googlemaps.Messages$PlatformLatLng getTarget()
    public static java.lang.Double getTilt()
    public static java.lang.Double getZoom()
    public final void setBearing(java.lang.Double)
    public final void setTarget(io.flutter.plugins.googlemaps.Messages$PlatformLatLng)
    public final void setTilt(java.lang.Double)
    public final void setZoom(java.lang.Double)
    public static java.util.ArrayList toList()
io.flutter.plugins.googlemaps.Messages$PlatformCameraTargetBounds:
    public static io.flutter.plugins.googlemaps.Messages$PlatformLatLngBounds getBounds()
    public static void setBounds()
    public static java.util.ArrayList toList()
io.flutter.plugins.googlemaps.Messages$PlatformCameraUpdate:
    public static java.lang.Object getCameraUpdate()
    public static void setCameraUpdate()
    public static java.util.ArrayList toList()
io.flutter.plugins.googlemaps.Messages$PlatformCameraUpdateNewCameraPosition:
    public static io.flutter.plugins.googlemaps.Messages$PlatformCameraPosition getCameraPosition()
    public static void setCameraPosition()
    public static java.util.ArrayList toList()
io.flutter.plugins.googlemaps.Messages$PlatformCameraUpdateNewLatLng:
    public static io.flutter.plugins.googlemaps.Messages$PlatformLatLng getLatLng()
    public static void setLatLng()
    public static java.util.ArrayList toList()
io.flutter.plugins.googlemaps.Messages$PlatformCameraUpdateNewLatLngBounds:
    public static io.flutter.plugins.googlemaps.Messages$PlatformLatLngBounds getBounds()
    public static java.lang.Double getPadding()
    public static void setBounds()
    public static void setPadding()
    public static java.util.ArrayList toList()